CR0 update: CR0=0x60000010
CR0 update: CR0=0x60000010
CR0 update: CR0=0x00000011
CR0 update: CR0=0x00000010
CR0 update: CR0=0x00000011
CR0 update: CR0=0x00000010
CR0 update: CR0=0x00000011
CR0 update: CR0=0x00000010
CR0 update: CR0=0x00000011
CR0 update: CR0=0x00000010
CR0 update: CR0=0x00000011
CR0 update: CR0=0x00000010
CR0 update: CR0=0x00000011
CR0 update: CR0=0x00000010
CR0 update: CR0=0x00000011
CR0 update: CR0=0x00000010
CR0 update: CR0=0x00000011
CR0 update: CR0=0x00000010
CR0 update: CR0=0x00000011
CR0 update: CR0=0x00000010
CR0 update: CR0=0x00000011
CR0 update: CR0=0x00000010
CR0 update: CR0=0x00000011
CR0 update: CR0=0x00000010
CR0 update: CR0=0x00000011
CR0 update: CR0=0x00000010
CR0 update: CR0=0x00000011
CR0 update: CR0=0x00000010
CR0 update: CR0=0x00000011
CR0 update: CR0=0x00000010
CR0 update: CR0=0x00000011
CR0 update: CR0=0x00000010
CR0 update: CR0=0x00000011
CR0 update: CR0=0x00000010
CR0 update: CR0=0x00000011
CR0 update: CR0=0x00000010
CR0 update: CR0=0x00000011
CR0 update: CR0=0x00000010
CR0 update: CR0=0x00000011
CR0 update: CR0=0x00000010
CR0 update: CR0=0x00000011
CR0 update: CR0=0x00000010
CR0 update: CR0=0x00000011
CR0 update: CR0=0x00000010
CR0 update: CR0=0x00000011
CR0 update: CR0=0x00000010
CR0 update: CR0=0x00000011
CR0 update: CR0=0x00000010
CR0 update: CR0=0x00000011
CR0 update: CR0=0x00000010
CR0 update: CR0=0x00000011
CR0 update: CR0=0x00000010
CR0 update: CR0=0x00000011
CR0 update: CR0=0x00000010
CR0 update: CR0=0x00000011
CR0 update: CR0=0x00000010
CR0 update: CR0=0x00000011
CR0 update: CR0=0x00000010
CR0 update: CR0=0x00000011
CR0 update: CR0=0x00000010
CR0 update: CR0=0x00000011
CR0 update: CR0=0x00000010
CR0 update: CR0=0x00000011
CR0 update: CR0=0x00000010
CR0 update: CR0=0x00000011
CR0 update: CR0=0x00000010
CR0 update: CR0=0x00000011
CR0 update: CR0=0x00000010
CR0 update: CR0=0x00000011
CR0 update: CR0=0x00000010
CR0 update: CR0=0x00000011
CR0 update: CR0=0x00000010
CR0 update: CR0=0x00000011
CR0 update: CR0=0x00000010
CR0 update: CR0=0x00000011
CR0 update: CR0=0x00000010
CR0 update: CR0=0x00000011
CR0 update: CR0=0x00000010
CR0 update: CR0=0x00000011
CR0 update: CR0=0x00000010
CR0 update: CR0=0x00000011
CR0 update: CR0=0x00000010
CR0 update: CR0=0x00000011
CR0 update: CR0=0x00000010
CR0 update: CR0=0x00000011
CR0 update: CR0=0x00000010
CR0 update: CR0=0x00000011
CR0 update: CR0=0x00000010
CR0 update: CR0=0x00000011
CR0 update: CR0=0x00000010
CR0 update: CR0=0x00000011
CR0 update: CR0=0x00000010
CR0 update: CR0=0x00000011
CR0 update: CR0=0x00000010
CR0 update: CR0=0x00000011
CR0 update: CR0=0x00000010
CR0 update: CR0=0x00000011
CR0 update: CR0=0x00000010
CR0 update: CR0=0x00000011
CR0 update: CR0=0x00000010
CR0 update: CR0=0x00000011
CR0 update: CR0=0x00000010
CR0 update: CR0=0x00000011
CR0 update: CR0=0x00000010
CR0 update: CR0=0x00000011
CR0 update: CR0=0x00000010
CR0 update: CR0=0x00000011
CR0 update: CR0=0x00000010
CR0 update: CR0=0x00000011
CR0 update: CR0=0x00000010
CR0 update: CR0=0x00000011
CR0 update: CR0=0x00000010
CR0 update: CR0=0x00000011
CR0 update: CR0=0x00000010
CR0 update: CR0=0x00000011
CR0 update: CR0=0x00000010
CR0 update: CR0=0x00000011
CR0 update: CR0=0x00000010
CR0 update: CR0=0x00000011
CR0 update: CR0=0x00000010
CR0 update: CR0=0x00000011
CR0 update: CR0=0x00000010
CR0 update: CR0=0x00000011
CR0 update: CR0=0x00000010
CR0 update: CR0=0x00000011
CR0 update: CR0=0x00000010
CR0 update: CR0=0x00000011
CR0 update: CR0=0x00000010
CR0 update: CR0=0x00000011
CR0 update: CR0=0x00000010
CR0 update: CR0=0x00000011
CR0 update: CR0=0x00000010
CR0 update: CR0=0x00000011
CR0 update: CR0=0x00000010
CR0 update: CR0=0x00000011
CR0 update: CR0=0x00000010
CR0 update: CR0=0x00000011
CR0 update: CR0=0x00000010
CR0 update: CR0=0x00000011
CR0 update: CR0=0x00000010
CR0 update: CR0=0x00000011
CR0 update: CR0=0x00000010
CR0 update: CR0=0x00000011
CR0 update: CR0=0x00000010
CR0 update: CR0=0x00000011
CR0 update: CR0=0x00000010
CR0 update: CR0=0x00000011
CR0 update: CR0=0x00000010
CR0 update: CR0=0x00000011
CR0 update: CR0=0x00000010
CR0 update: CR0=0x00000011
CR0 update: CR0=0x00000010
CR0 update: CR0=0x00000011
CR0 update: CR0=0x00000010
CR0 update: CR0=0x00000011
CR0 update: CR0=0x00000010
CR0 update: CR0=0x00000011
CR0 update: CR0=0x00000010
CR0 update: CR0=0x00000011
CR0 update: CR0=0x00000010
CR0 update: CR0=0x00000011
CR0 update: CR0=0x00000010
CR0 update: CR0=0x00000011
CR0 update: CR0=0x00000010
CR0 update: CR0=0x00000011
CR0 update: CR0=0x00000010
CR0 update: CR0=0x00000011
CR0 update: CR0=0x00000010
CR0 update: CR0=0x00000011
CR0 update: CR0=0x00000010
CR0 update: CR0=0x00000011
CR0 update: CR0=0x00000010
CR0 update: CR0=0x00000011
CR0 update: CR0=0x00000010
CR0 update: CR0=0x00000011
CR0 update: CR0=0x00000010
CR0 update: CR0=0x00000011
CR0 update: CR0=0x00000010
CR0 update: CR0=0x00000011
CR0 update: CR0=0x00000010
CR0 update: CR0=0x00000011
CR0 update: CR0=0x00000010
CR0 update: CR0=0x00000011
CR0 update: CR0=0x00000010
CR0 update: CR0=0x00000011
CR0 update: CR0=0x00000010
CR0 update: CR0=0x00000011
CR0 update: CR0=0x00000010
CR0 update: CR0=0x00000011
CR0 update: CR0=0x00000010
CR0 update: CR0=0x00000011
CR0 update: CR0=0x00000010
CR0 update: CR0=0x00000011
CR0 update: CR0=0x00000010
CR0 update: CR0=0x00000011
CR0 update: CR0=0x00000010
CR0 update: CR0=0x00000011
CR0 update: CR0=0x00000010
CR0 update: CR0=0x00000011
CR0 update: CR0=0x00000010
CR0 update: CR0=0x00000011
CR0 update: CR0=0x00000010
CR0 update: CR0=0x00000011
CR0 update: CR0=0x00000010
CR0 update: CR0=0x00000011
CR0 update: CR0=0x00000010
CR0 update: CR0=0x00000011
CR0 update: CR0=0x00000010
CR0 update: CR0=0x00000011
CR0 update: CR0=0x00000010
CR0 update: CR0=0x00000011
CR0 update: CR0=0x00000010
CR0 update: CR0=0x00000011
CR0 update: CR0=0x00000010
CR0 update: CR0=0x00000011
CR0 update: CR0=0x00000010
CR0 update: CR0=0x00000011
CR0 update: CR0=0x00000010
CR0 update: CR0=0x00000011
CR0 update: CR0=0x00000010
CR0 update: CR0=0x00000011
CR0 update: CR0=0x00000010
CR0 update: CR0=0x00000011
CR0 update: CR0=0x00000010
CR0 update: CR0=0x00000011
CR0 update: CR0=0x00000010
CR0 update: CR0=0x00000011
CR0 update: CR0=0x00000010
CR0 update: CR0=0x00000011
CR0 update: CR0=0x00000010
CR0 update: CR0=0x00000011
CR0 update: CR0=0x00000010
CR0 update: CR0=0x00000011
CR0 update: CR0=0x00000010
CR0 update: CR0=0x00000011
CR0 update: CR0=0x00000010
CR0 update: CR0=0x00000011
CR0 update: CR0=0x00000010
CR0 update: CR0=0x00000011
CR0 update: CR0=0x00000010
CR0 update: CR0=0x00000011
CR0 update: CR0=0x00000010
CR0 update: CR0=0x00000011
CR0 update: CR0=0x00000010
CR0 update: CR0=0x00000011
CR0 update: CR0=0x00000010
CR0 update: CR0=0x00000011
CR0 update: CR0=0x00000010
CR0 update: CR0=0x00000011
CR0 update: CR0=0x00000010
CR0 update: CR0=0x00000011
CR0 update: CR0=0x00000010
CR0 update: CR0=0x00000011
CR0 update: CR0=0x00000010
CR0 update: CR0=0x00000011
CR0 update: CR0=0x00000010
CR0 update: CR0=0x00000011
CR0 update: CR0=0x00000010
CR0 update: CR0=0x00000011
CR0 update: CR0=0x00000010
CR0 update: CR0=0x00000011
CR0 update: CR0=0x00000010
CR0 update: CR0=0x00000011
CR0 update: CR0=0x00000010
CR0 update: CR0=0x00000011
CR0 update: CR0=0x00000010
CR0 update: CR0=0x00000011
CR0 update: CR0=0x00000010
CR0 update: CR0=0x00000011
CR0 update: CR0=0x00000010
CR0 update: CR0=0x00000011
CR0 update: CR0=0x00000010
CR0 update: CR0=0x00000011
CR0 update: CR0=0x00000010
CR0 update: CR0=0x00000011
CR0 update: CR0=0x00000010
CR0 update: CR0=0x00000011
CR0 update: CR0=0x00000010
CR0 update: CR0=0x00000011
CR0 update: CR0=0x00000010
CR0 update: CR0=0x00000011
CR0 update: CR0=0x00000010
CR0 update: CR0=0x00000011
CR0 update: CR0=0x00000010
CR0 update: CR0=0x00000011
CR0 update: CR0=0x00000010
CR0 update: CR0=0x00000011
CR0 update: CR0=0x00000010
CR0 update: CR0=0x00000011
CR0 update: CR0=0x00000010
CR0 update: CR0=0x00000011
CR0 update: CR0=0x00000010
CR0 update: CR0=0x00000011
CR0 update: CR0=0x00000010
CR0 update: CR0=0x00000011
CR0 update: CR0=0x00000010
CR0 update: CR0=0x00000011
CR0 update: CR0=0x00000010
CR0 update: CR0=0x00000011
CR0 update: CR0=0x00000010
CR0 update: CR0=0x00000011
CR0 update: CR0=0x00000010
CR0 update: CR0=0x00000011
CR0 update: CR0=0x00000010
CR0 update: CR0=0x00000011
CR0 update: CR0=0x00000010
CR0 update: CR0=0x00000011
CR0 update: CR0=0x00000010
CR0 update: CR0=0x00000011
CR0 update: CR0=0x00000010
CR0 update: CR0=0x00000011
CR0 update: CR0=0x00000010
CR0 update: CR0=0x00000011
CR0 update: CR0=0x00000010
CR0 update: CR0=0x00000011
CR0 update: CR0=0x00000010
CR0 update: CR0=0x00000011
CR0 update: CR0=0x00000010
CR0 update: CR0=0x00000011
CR0 update: CR0=0x00000010
CR0 update: CR0=0x00000011
CR0 update: CR0=0x00000010
CR0 update: CR0=0x00000011
CR0 update: CR0=0x00000010
CR0 update: CR0=0x00000011
CR0 update: CR0=0x00000010
CR0 update: CR0=0x00000011
CR0 update: CR0=0x00000010
CR0 update: CR0=0x00000011
CR0 update: CR0=0x00000010
CR0 update: CR0=0x00000011
CR0 update: CR0=0x00000010
CR0 update: CR0=0x00000011
CR0 update: CR0=0x00000010
CR0 update: CR0=0x00000011
CR0 update: CR0=0x00000010
CR0 update: CR0=0x00000011
CR0 update: CR0=0x00000010
CR0 update: CR0=0x00000011
CR0 update: CR0=0x00000010
CR0 update: CR0=0x00000011
CR0 update: CR0=0x00000010
CR0 update: CR0=0x00000011
CR0 update: CR0=0x00000010
CR0 update: CR0=0x00000011
CR0 update: CR0=0x00000010
CR0 update: CR0=0x00000011
CR0 update: CR0=0x00000010
CR0 update: CR0=0x00000011
CR0 update: CR0=0x00000010
CR0 update: CR0=0x00000011
CR0 update: CR0=0x00000010
CR0 update: CR0=0x00000011
CR0 update: CR0=0x00000010
CR0 update: CR0=0x00000011
CR0 update: CR0=0x00000010
CR0 update: CR0=0x00000011
CR0 update: CR0=0x00000010
CR0 update: CR0=0x00000011
CR0 update: CR0=0x00000010
CR0 update: CR0=0x00000011
CR0 update: CR0=0x00000010
CR0 update: CR0=0x00000011
CR0 update: CR0=0x00000010
CR0 update: CR0=0x00000011
CR0 update: CR0=0x00000010
CR0 update: CR0=0x00000011
CR0 update: CR0=0x00000010
CR0 update: CR0=0x00000011
CR0 update: CR0=0x00000010
CR0 update: CR0=0x00000011
CR0 update: CR0=0x00000010
CR0 update: CR0=0x00000011
CR0 update: CR0=0x00000010
CR0 update: CR0=0x00000011
CR0 update: CR0=0x00000010
CR0 update: CR0=0x00000011
CR0 update: CR0=0x00000010
CR0 update: CR0=0x00000011
CR0 update: CR0=0x00000010
CR0 update: CR0=0x00000011
CR0 update: CR0=0x00000010
CR0 update: CR0=0x00000011
CR0 update: CR0=0x00000010
CR0 update: CR0=0x00000011
CR0 update: CR0=0x00000010
CR0 update: CR0=0x00000011
CR0 update: CR0=0x00000010
CR0 update: CR0=0x00000011
CR0 update: CR0=0x00000010
CR0 update: CR0=0x00000011
CR0 update: CR0=0x00000010
CR0 update: CR0=0x00000011
CR0 update: CR0=0x00000010
CR0 update: CR0=0x00000011
CR0 update: CR0=0x00000010
CR0 update: CR0=0x00000011
CR0 update: CR0=0x00000010
CR0 update: CR0=0x00000011
CR0 update: CR0=0x00000010
CR0 update: CR0=0x00000011
CR0 update: CR0=0x00000010
CR0 update: CR0=0x00000011
CR0 update: CR0=0x00000010
CR0 update: CR0=0x00000011
CR0 update: CR0=0x00000010
CR0 update: CR0=0x00000011
CR0 update: CR0=0x00000010
CR0 update: CR0=0x00000011
CR0 update: CR0=0x00000010
CR0 update: CR0=0x00000011
CR0 update: CR0=0x00000010
CR0 update: CR0=0x00000011
CR0 update: CR0=0x00000010
CR0 update: CR0=0x00000011
CR0 update: CR0=0x00000010
CR0 update: CR0=0x00000011
CR0 update: CR0=0x00000010
CR0 update: CR0=0x00000011
CR0 update: CR0=0x00000010
CR0 update: CR0=0x00000011
CR0 update: CR0=0x00000010
CR0 update: CR0=0x00000011
CR0 update: CR0=0x00000010
CR0 update: CR0=0x00000011
CR0 update: CR0=0x00000010
CR0 update: CR0=0x00000011
CR0 update: CR0=0x00000010
CR0 update: CR0=0x00000011
CR0 update: CR0=0x00000010
CR0 update: CR0=0x00000011
CR0 update: CR0=0x00000010
CR0 update: CR0=0x00000011
CR0 update: CR0=0x00000010
CR0 update: CR0=0x00000011
CR0 update: CR0=0x00000010
CR0 update: CR0=0x00000011
CR0 update: CR0=0x00000010
CR0 update: CR0=0x00000011
CR0 update: CR0=0x00000010
CR0 update: CR0=0x00000011
CR0 update: CR0=0x00000010
CR0 update: CR0=0x00000011
CR0 update: CR0=0x00000010
CR0 update: CR0=0x00000011
CR0 update: CR0=0x00000010
CR0 update: CR0=0x00000011
CR0 update: CR0=0x00000010
CR0 update: CR0=0x00000011
CR0 update: CR0=0x00000010
CR0 update: CR0=0x00000011
CR0 update: CR0=0x00000010
CR0 update: CR0=0x00000011
CR0 update: CR0=0x00000010
CR0 update: CR0=0x00000011
CR0 update: CR0=0x00000010
CR0 update: CR0=0x00000011
CR0 update: CR0=0x00000010
CR0 update: CR0=0x00000011
CR0 update: CR0=0x00000010
CR0 update: CR0=0x00000011
CR0 update: CR0=0x00000010
CR0 update: CR0=0x00000011
CR0 update: CR0=0x00000010
CR0 update: CR0=0x00000011
CR0 update: CR0=0x00000010
CR0 update: CR0=0x00000011
CR0 update: CR0=0x00000010
CR0 update: CR0=0x00000011
CR0 update: CR0=0x00000010
CR0 update: CR0=0x00000011
CR0 update: CR0=0x00000010
CR0 update: CR0=0x00000011
CR0 update: CR0=0x00000010
CR0 update: CR0=0x00000011
CR0 update: CR0=0x00000010
CR0 update: CR0=0x00000011
CR0 update: CR0=0x00000010
CR0 update: CR0=0x00000011
CR0 update: CR0=0x00000010
CR0 update: CR0=0x00000011
CR0 update: CR0=0x00000010
CR0 update: CR0=0x00000011
CR0 update: CR0=0x00000010
CR0 update: CR0=0x00000011
CR0 update: CR0=0x00000010
CR0 update: CR0=0x00000011
CR0 update: CR0=0x00000010
CR0 update: CR0=0x00000011
CR0 update: CR0=0x00000010
CR0 update: CR0=0x00000011
CR0 update: CR0=0x00000010
CR0 update: CR0=0x00000011
CR0 update: CR0=0x00000010
CR0 update: CR0=0x00000011
CR0 update: CR0=0x00000010
CR0 update: CR0=0x00000011
CR0 update: CR0=0x00000010
CR0 update: CR0=0x00000011
CR0 update: CR0=0x00000010
CR0 update: CR0=0x00000011
CR0 update: CR0=0x00000010
CR0 update: CR0=0x00000011
CR0 update: CR0=0x00000010
CR0 update: CR0=0x00000011
CR0 update: CR0=0x00000010
CR0 update: CR0=0x00000011
CR0 update: CR0=0x00000010
CR0 update: CR0=0x00000011
CR0 update: CR0=0x00000010
CR0 update: CR0=0x00000011
CR0 update: CR0=0x00000010
CR0 update: CR0=0x00000011
CR0 update: CR0=0x00000010
CR0 update: CR0=0x00000011
CR0 update: CR0=0x00000010
CR0 update: CR0=0x00000011
CR0 update: CR0=0x00000010
CR0 update: CR0=0x00000011
CR0 update: CR0=0x00000010
CR0 update: CR0=0x00000011
CR0 update: CR0=0x00000010
CR0 update: CR0=0x00000011
CR0 update: CR0=0x00000010
CR0 update: CR0=0x00000011
CR0 update: CR0=0x00000010
CR0 update: CR0=0x00000011
CR0 update: CR0=0x00000010
CR0 update: CR0=0x00000011
CR0 update: CR0=0x00000010
CR0 update: CR0=0x00000011
CR0 update: CR0=0x00000010
CR0 update: CR0=0x00000011
CR0 update: CR0=0x00000010
CR0 update: CR0=0x00000011
CR0 update: CR0=0x00000010
CR0 update: CR0=0x00000011
CR0 update: CR0=0x00000010
CR0 update: CR0=0x00000011
CR0 update: CR0=0x00000010
CR0 update: CR0=0x00000011
CR0 update: CR0=0x00000010
CR0 update: CR0=0x00000011
CR0 update: CR0=0x00000010
CR0 update: CR0=0x00000011
CR0 update: CR0=0x00000010
CR0 update: CR0=0x00000011
CR0 update: CR0=0x00000010
CR0 update: CR0=0x00000011
CR0 update: CR0=0x00000010
CR0 update: CR0=0x00000011
CR0 update: CR0=0x00000010
CR0 update: CR0=0x00000011
CR0 update: CR0=0x00000010
CR0 update: CR0=0x00000011
CR0 update: CR0=0x00000010
CR0 update: CR0=0x00000011
CR0 update: CR0=0x00000010
CR0 update: CR0=0x00000011
CR0 update: CR0=0x00000010
CR0 update: CR0=0x00000011
CR0 update: CR0=0x00000010
CR0 update: CR0=0x00000011
CR0 update: CR0=0x00000010
CR0 update: CR0=0x00000011
CR0 update: CR0=0x00000010
CR0 update: CR0=0x00000011
CR0 update: CR0=0x00000010
CR0 update: CR0=0x00000011
CR0 update: CR0=0x00000010
CR0 update: CR0=0x00000011
CR0 update: CR0=0x00000010
CR0 update: CR0=0x00000011
CR0 update: CR0=0x00000010
CR0 update: CR0=0x00000011
CR0 update: CR0=0x00000010
CR0 update: CR0=0x00000011
CR0 update: CR0=0x00000010
CR0 update: CR0=0x00000011
CR0 update: CR0=0x00000010
CR0 update: CR0=0x00000011
CR0 update: CR0=0x00000010
CR0 update: CR0=0x00000011
CR0 update: CR0=0x00000010
CR0 update: CR0=0x00000011
CR0 update: CR0=0x00000010
CR0 update: CR0=0x00000011
CR0 update: CR0=0x00000010
CR0 update: CR0=0x00000011
CR0 update: CR0=0x00000010
CR0 update: CR0=0x00000011
CR0 update: CR0=0x00000010
CR0 update: CR0=0x00000011
CR0 update: CR0=0x00000010
CR0 update: CR0=0x00000011
CR0 update: CR0=0x00000010
CR0 update: CR0=0x00000011
CR0 update: CR0=0x00000010
CR0 update: CR0=0x00000011
CR0 update: CR0=0x00000010
CR0 update: CR0=0x00000011
CR0 update: CR0=0x00000010
CR0 update: CR0=0x00000011
CR0 update: CR0=0x00000010
CR0 update: CR0=0x00000011
CR0 update: CR0=0x00000010
CR0 update: CR0=0x00000011
CR0 update: CR0=0x00000010
CR0 update: CR0=0x00000011
CR0 update: CR0=0x00000010
CR0 update: CR0=0x00000011
CR0 update: CR0=0x00000010
CR0 update: CR0=0x00000011
CR0 update: CR0=0x00000010
CR0 update: CR0=0x00000011
CR0 update: CR0=0x00000010
CR0 update: CR0=0x00000011
CR0 update: CR0=0x00000010
CR0 update: CR0=0x00000011
CR0 update: CR0=0x00000010
CR0 update: CR0=0x00000011
CR0 update: CR0=0x00000010
CR0 update: CR0=0x00000011
CR0 update: CR0=0x00000010
CR0 update: CR0=0x00000011
CR0 update: CR0=0x00000010
CR0 update: CR0=0x00000011
CR0 update: CR0=0x00000010
CR0 update: CR0=0x00000011
CR0 update: CR0=0x00000010
CR0 update: CR0=0x00000011
CR0 update: CR0=0x00000010
CR0 update: CR0=0x00000011
CR0 update: CR0=0x00000010
CR0 update: CR0=0x00000011
CR0 update: CR0=0x00000010
CR0 update: CR0=0x00000011
CR0 update: CR0=0x00000010
CR0 update: CR0=0x00000011
CR0 update: CR0=0x00000010
CR0 update: CR0=0x00000011
CR0 update: CR0=0x00000010
CR0 update: CR0=0x00000011
CR0 update: CR0=0x00000010
CR0 update: CR0=0x00000011
CR0 update: CR0=0x00000010
CR0 update: CR0=0x00000011
CR0 update: CR0=0x00000010
CR0 update: CR0=0x00000011
CR0 update: CR0=0x00000010
CR0 update: CR0=0x00000011
CR0 update: CR0=0x00000010
CR0 update: CR0=0x00000011
CR0 update: CR0=0x00000010
CR0 update: CR0=0x00000011
CR0 update: CR0=0x00000010
CR0 update: CR0=0x00000011
CR0 update: CR0=0x00000010
CR0 update: CR0=0x00000011
CR0 update: CR0=0x00000010
Servicing hardware INT=0x0e
Servicing hardware INT=0x0e
Servicing hardware INT=0x08
Servicing hardware INT=0x0e
Servicing hardware INT=0x0e
CR0 update: CR0=0x00000011
CR0 update: CR0=0x00000010
Servicing hardware INT=0x0e
Servicing hardware INT=0x0e
Servicing hardware INT=0x0e
Servicing hardware INT=0x0e
Servicing hardware INT=0x0e
Servicing hardware INT=0x0e
Servicing hardware INT=0x0e
Servicing hardware INT=0x0e
Servicing hardware INT=0x0e
Servicing hardware INT=0x0e
Servicing hardware INT=0x0e
Servicing hardware INT=0x0e
Servicing hardware INT=0x0e
Servicing hardware INT=0x0e
Servicing hardware INT=0x0e
Servicing hardware INT=0x0e
Servicing hardware INT=0x0e
Servicing hardware INT=0x0e
Servicing hardware INT=0x0e
Servicing hardware INT=0x0e
Servicing hardware INT=0x0e
Servicing hardware INT=0x0e
Servicing hardware INT=0x0e
Servicing hardware INT=0x0e
Servicing hardware INT=0x0e
Servicing hardware INT=0x0e
Servicing hardware INT=0x0e
Servicing hardware INT=0x0e
Servicing hardware INT=0x0e
Servicing hardware INT=0x0e
Servicing hardware INT=0x0e
Servicing hardware INT=0x0e
Servicing hardware INT=0x0e
Servicing hardware INT=0x0e
Servicing hardware INT=0x0e
Servicing hardware INT=0x0e
Servicing hardware INT=0x0e
Servicing hardware INT=0x0e
Servicing hardware INT=0x0e
Servicing hardware INT=0x0e
Servicing hardware INT=0x0e
Servicing hardware INT=0x0e
Servicing hardware INT=0x0e
Servicing hardware INT=0x0e
Servicing hardware INT=0x0e
Servicing hardware INT=0x0e
Servicing hardware INT=0x0e
Servicing hardware INT=0x0e
Servicing hardware INT=0x0e
Servicing hardware INT=0x0e
Servicing hardware INT=0x0e
Servicing hardware INT=0x0e
Servicing hardware INT=0x0e
Servicing hardware INT=0x0e
Servicing hardware INT=0x0e
Servicing hardware INT=0x0e
Servicing hardware INT=0x0e
Servicing hardware INT=0x0e
Servicing hardware INT=0x0e
Servicing hardware INT=0x0e
Servicing hardware INT=0x0e
Servicing hardware INT=0x0e
Servicing hardware INT=0x0e
Servicing hardware INT=0x0e
Servicing hardware INT=0x0e
Servicing hardware INT=0x0e
Servicing hardware INT=0x0e
Servicing hardware INT=0x0e
Servicing hardware INT=0x0e
Servicing hardware INT=0x0e
Servicing hardware INT=0x0e
Servicing hardware INT=0x0e
Servicing hardware INT=0x0e
Servicing hardware INT=0x0e
Servicing hardware INT=0x0e
Servicing hardware INT=0x0e
Servicing hardware INT=0x0e
Servicing hardware INT=0x0e
Servicing hardware INT=0x0e
Servicing hardware INT=0x0e
Servicing hardware INT=0x0e
Servicing hardware INT=0x0e
Servicing hardware INT=0x0e
Servicing hardware INT=0x0e
Servicing hardware INT=0x0e
Servicing hardware INT=0x0e
Servicing hardware INT=0x0e
Servicing hardware INT=0x0e
Servicing hardware INT=0x0e
Servicing hardware INT=0x0e
Servicing hardware INT=0x0e
Servicing hardware INT=0x0e
Servicing hardware INT=0x0e
Servicing hardware INT=0x0e
Servicing hardware INT=0x0e
Servicing hardware INT=0x0e
Servicing hardware INT=0x0e
Servicing hardware INT=0x0e
CR0 update: CR0=0x00000011
CR0 update: CR0=0x80000001
CR3 update: CR3=3fffc000
Servicing hardware INT=0x20
     0: v=20 e=0000 i=0 cpl=0 IP=0008:80002606 pc=80002606 SP=0010:ffb03f3c env->regs[R_EAX]=000000ff
EAX=000000ff EBX=ffb03fa8 ECX=000000a1 EDX=000000a1
ESI=000000fa EDI=00000001 EBP=00000011 ESP=ffb03f3c
EIP=80002606 EFL=00200207 [-----PC] CPL=0 II=0 A20=1 SMM=0 HLT=0
ES =0010 00000000 ffffffff 00cf9300 DPL=0 DS   [-WA]
CS =0008 00000000 ffffffff 00cf9b00 DPL=0 CS32 [-RA]
SS =0010 00000000 ffffffff 00cf9300 DPL=0 DS   [-WA]
DS =0010 00000000 ffffffff 00cf9300 DPL=0 DS   [-WA]
FS =0010 00000000 ffffffff 00cf9300 DPL=0 DS   [-WA]
GS =0010 00000000 ffffffff 00cf9300 DPL=0 DS   [-WA]
LDT=0000 00000000 0000ffff 00008200 DPL=0 LDT
TR =0000 00000000 0000ffff 00008b00 DPL=0 TSS32-busy
GDT=     ff801000 00000fff
IDT=     ff800000 00000fff
CR0=80000011 CR2=00000000 CR3=3fffc000 CR4=00000100
DR0=00000000 DR1=00000000 DR2=00000000 DR3=00000000 
DR6=ffff0ff0 DR7=00000400
CCS=000001ff CCD=000000ff CCO=SARW
EFER=0000000000000000
Servicing hardware INT=0x20
     1: v=20 e=0000 i=0 cpl=0 IP=0008:80001114 pc=80001114 SP=0010:ffb03ee0 env->regs[R_EAX]=ffffffff
EAX=ffffffff EBX=ffc3ff8c ECX=80400078 EDX=ffc3ff84
ESI=ffc00000 EDI=00000001 EBP=00000011 ESP=ffb03ee0
EIP=80001114 EFL=00200292 [--S-A--] CPL=0 II=0 A20=1 SMM=0 HLT=0
ES =0010 00000000 ffffffff 00cf9300 DPL=0 DS   [-WA]
CS =0008 00000000 ffffffff 00cf9b00 DPL=0 CS32 [-RA]
SS =0010 00000000 ffffffff 00cf9300 DPL=0 DS   [-WA]
DS =0010 00000000 ffffffff 00cf9300 DPL=0 DS   [-WA]
FS =0010 00000000 ffffffff 00cf9300 DPL=0 DS   [-WA]
GS =0010 00000000 ffffffff 00cf9300 DPL=0 DS   [-WA]
LDT=0000 00000000 0000ffff 00008200 DPL=0 LDT
TR =0000 00000000 0000ffff 00008b00 DPL=0 TSS32-busy
GDT=     ff801000 00000fff
IDT=     ff800000 00000fff
CR0=80000011 CR2=00000000 CR3=3fffc000 CR4=00000100
DR0=00000000 DR1=00000000 DR2=00000000 DR3=00000000 
DR6=ffff0ff0 DR7=00000400
CCS=00000090 CCD=ffb03eec CCO=EFLAGS
EFER=0000000000000000
