c[?7l[2J[0mSeaBIOS (version 1.16.3-debian-1.16.3-2)


iPXE (https://ipxe.org) 00:03.0 CA00 PCI2.10 PnP PMM+3EFCB3C0+3EF0B3C0 CA00
Press Ctrl-B to configure iPXE (PCI 00:03.0)...                                                                               


Booting from Hard Disk...
Boot failed: could not read the boot disk

Booting from Floppy...
Loading EPOS ... done

*** This is EPOS!

Setting up this machine as follows: 
  Mode:         library
  Processor:    1 x IA32 at 2000 MHz (BUS clock = 2000 MHz)
  Machine:      PC
  Memory:       1048576 KB [0x00000000:0x40000000]
  User memory:  1047472 KB [0x00000000:0x3feec000]
  I/O space:    28356 KB [0xfd000000:0xfebb1000]
  Node Id:      will get from the network!
  Position:     will get from the network!
  Setup:        22528 bytes
  APP code:     32768 bytes	data: 4214784 bytes

[2J[000;000HThe Philosopher's Dinner:
Philosophers are alive and hungry!
[007;044H/[013;044H\[016;035H|[013;027H/[007;027H\[019;000HThe dinner is served ...
[005;032Hthinking[010;044Hthinking[016;039Hthinking[016;024Hthinking[010;020Hthinking[005;032H hungry [005;032H eating [010;044H hungry [016;039H hungry [016;039H eating [016;024H hungry [010;020H hungry [005;032H  sate  [010;020H eating [005;032Hthinking[016;039H  sate  [010;044H eating [016;039Hthinking[010;020H  sate  [016;024H eating [010;020Hthinking[010;044H  sate  [010;044Hthinking[005;032H hungry [005;032H eating [016;024H  sate  [016;024Hthinking[016;039H hungry [016;039H eating [010;020H hungry [005;032H  sate  [010;020H eating [005;032Hthinking[010;044H hungry [016;039H  sate  [010;044H eating [016;039Hthinking[016;024H hungry [010;020H  sate  [016;024H eating [010;020Hthinking[010;044H  sate  [010;044Hthinking[005;032H hungry [005;032H eating [016;024H  sate  [016;024Hthinking[016;039H hungry [016;039H eating [005;032H  sate  [005;032Hthinking[010;020H hungry [010;020H eating [010;044H hungry [016;039H  sate  [010;044H eating [016;039Hthinking[016;024H hungry [010;020H  sate  [016;024H eating [010;020Hthinking[010;044H  sate  [010;044Hthinking[005;032H hungry [005;032H eating [016;024H  sate  [016;024Hthinking[016;039H hungry [016;039H eating [005;032H  sate  [005;032Hthinking[010;020H hungry [010;020H eating [010;044H hungry [016;039H  sate  [010;044H eating [016;039Hthinking[016;024H hungry [010;020H  sate  [016;024H eating [010;020Hthinking[010;044H  sate  [010;044Hthinking[005;032H hungry [005;032H eating [016;024H  sate  [016;024Hthinking[016;039H hungry [016;039H eating [005;032H  sate  [005;032Hthinking[010;020H hungry [010;020H eating [010;044H hungry [016;039H  sate  [010;044H eating [016;039Hthinking[016;024H hungry [010;020H  sate  [016;024H eating [010;020Hthinking[010;044H  sate  [010;044Hthinking[005;032H hungry [005;032H eating [016;024H  sate  [016;024Hthinking[016;039H hungry [016;039H eating [005;032H  sate  [005;032Hthinking[010;020H hungry [010;020H eating [010;044H hungry [016;039H  sate  [010;044H eating [016;039Hthinking[016;024H hungry [010;020H  sate  [016;024H eating [010;020Hthinking[010;044H  sate  [010;044Hthinking[005;032H hungry [005;032H eating [016;024H  sate  [016;024Hthinking[016;039H hungry [016;039H eating [005;032H  sate  [005;032Hthinking[010;020H hungry [010;020H eating [010;044H hungry [016;039H  sate  [010;044H eating [016;039Hthinking[016;024H hungry [010;020H  sate  [016;024H eating [010;020Hthinking[010;044H  sate  [010;044Hthinking[005;032H hungry [005;032H eating [016;024H  sate  [016;024Hthinking[016;039H hungry [016;039H eating [005;032H  sate  [005;032Hthinking[010;020H hungry [010;020H eating [010;044H hungry [016;039H  sate  [010;044H eating [016;039Hthinking[016;024H hungry [010;020H  sate  [016;024H eating [010;020Hthinking[010;044H  sate  [010;044Hthinking[005;032H hungry [005;032H eating [016;024H  sate  [016;024Hthinking[016;039H hungry [016;039H eating [005;032H  sate  [005;032Hthinking[010;020H hungry [010;020H eating [010;044H hungry [016;039H  sate  [010;044H eating [016;039Hthinking[016;024H hungry [010;020H  sate  [016;024H eating [010;020Hthinking[010;044H  sate  [010;044Hthinking[005;032H hungry [005;032H eating [016;024H  sate  [016;024Hthinking[016;039H hungry [016;039H eating [005;032H  sate  [005;032H  done  [020;000HPhilosopher 0 ate 10 times 
[010;020H hungry [010;020H eating [010;044H hungry [016;039H  sate  [010;044H eating [016;039H  done  [016;024H hungry [010;020H  sate  [016;024H eating [010;020H  done  [010;044H  sate  [010;044H  done  [021;000HPhilosopher 1 ate 10 times 
[022;000HPhilosopher 2 ate 10 times 
[016;024H  sate  [016;024H  done  [023;000HPhilosopher 3 ate 10 times 
[024;000HPhilosopher 4 ate 10 times 
The end!


*** The last thread under control of EPOS has finished.
*** EPOS is shutting down!
